<?xml version="1.0" encoding="UTF-8"?>
<!-- Generated by org.testng.reporters.JUnitReportReporter -->
<testsuite hostname="DESKTOP-7Q8PBAO" failures="0" tests="4" name="com.example.EcommerceTest.FlipkartTestWithChrome" time="13.204" errors="0" timestamp="2023-08-01T18:09:26 IST" skipped="0">
  <testcase classname="com.example.EcommerceTest.FlipkartTestWithChrome" name="searchAndPageLoadTest" time="5.927"/>
  <testcase classname="com.example.EcommerceTest.FlipkartTestWithChrome" name="scrollFeatureTest" time="2.044"/>
  <testcase classname="com.example.EcommerceTest.FlipkartTestWithChrome" name="downloadImageAtParticularScrollPosition" time="3.147"/>
  <testcase classname="com.example.EcommerceTest.FlipkartTestWithChrome" name="scrollToTheEnd" time="2.086"/>
</testsuite> <!-- com.example.EcommerceTest.FlipkartTestWithChrome -->
