<?xml version="1.0" encoding="UTF-8"?>
<!-- Generated by org.testng.reporters.JUnitReportReporter -->
<testsuite hostname="DESKTOP-7Q8PBAO" failures="0" tests="4" name="com.example.EcommerceTest.FlipkartTestWIthEdge" time="12.578" errors="0" timestamp="2023-08-01T18:09:26 IST" skipped="0">
  <testcase classname="com.example.EcommerceTest.FlipkartTestWIthEdge" name="searchAndPageLoadTest" time="6.133"/>
  <testcase classname="com.example.EcommerceTest.FlipkartTestWIthEdge" name="scrollFeatureTest" time="2.015"/>
  <testcase classname="com.example.EcommerceTest.FlipkartTestWIthEdge" name="downloadImageAtParticularScrollPosition" time="2.356"/>
  <testcase classname="com.example.EcommerceTest.FlipkartTestWIthEdge" name="scrollToTheEnd" time="2.074"/>
</testsuite> <!-- com.example.EcommerceTest.FlipkartTestWIthEdge -->
