<?xml version="1.0" encoding="UTF-8"?>
<!-- Generated by org.testng.reporters.JUnitReportReporter -->
<testsuite hostname="DESKTOP-7Q8PBAO" failures="0" tests="4" name="Test1" time="14.446" errors="0" timestamp="2023-08-01T14:20:26 IST" skipped="0">
  <testcase classname="Test1" name="searchAndPageLoadTest" time="9.523"/>
  <testcase classname="Test1" name="scrollFeatureTest" time="2.136"/>
  <testcase classname="Test1" name="downloadImageAtParticularScrollPosition" time="0.683"/>
  <testcase classname="Test1" name="scrollToTheEnd" time="2.104"/>
</testsuite> <!-- Test1 -->
