<?xml version="1.0" encoding="UTF-8"?>
<!-- Generated by org.testng.reporters.JUnitReportReporter -->
<testsuite hostname="DESKTOP-7Q8PBAO" failures="0" tests="4" name="FlipkartTestWithEdge" time="12.426" errors="0" timestamp="2023-08-01T14:37:08 IST" skipped="0">
  <testcase classname="FlipkartTestWithEdge" name="searchAndPageLoadTest" time="6.030"/>
  <testcase classname="FlipkartTestWithEdge" name="scrollFeatureTest" time="2.031"/>
  <testcase classname="FlipkartTestWithEdge" name="downloadImageAtParticularScrollPosition" time="2.309"/>
  <testcase classname="FlipkartTestWithEdge" name="scrollToTheEnd" time="2.056"/>
</testsuite> <!-- FlipkartTestWithEdge -->
