<?xml version="1.0" encoding="UTF-8"?>
<!-- Generated by org.testng.reporters.JUnitReportReporter -->
<testsuite hostname="DESKTOP-7Q8PBAO" failures="0" tests="4" name="com.example.EcommerceTest.FlipkartTestWithFirefox" time="13.542" errors="0" timestamp="2023-08-01T18:09:26 IST" skipped="0">
  <testcase classname="com.example.EcommerceTest.FlipkartTestWithFirefox" name="searchAndPageLoadTest" time="5.867"/>
  <testcase classname="com.example.EcommerceTest.FlipkartTestWithFirefox" name="scrollFeatureTest" time="2.034"/>
  <testcase classname="com.example.EcommerceTest.FlipkartTestWithFirefox" name="downloadImageAtParticularScrollPosition" time="3.587"/>
  <testcase classname="com.example.EcommerceTest.FlipkartTestWithFirefox" name="scrollToTheEnd" time="2.054"/>
</testsuite> <!-- com.example.EcommerceTest.FlipkartTestWithFirefox -->
